<?xml version="1.0" encoding="UTF-8"?>
<!-- Generated by org.testng.reporters.JUnitReportReporter -->
<testsuite skipped="0" hostname="LAPTOP-015GC0K1" name="Automation_Testcase_Redbus.Search_Bus" tests="8" failures="0" timestamp="07 Mar 2020 18:15:41 GMT" time="35.306" errors="1">
  <testcase name="excelforwrite" time="1.745" classname="Automation_Testcase_Redbus.Search_Bus"/>
  <testcase name="searchbus" time="7.792" classname="Automation_Testcase_Redbus.Search_Bus"/>
  <testcase name="get_The_Travels_Details" time="10.177" classname="Automation_Testcase_Redbus.Search_Bus"/>
  <testcase name="get_The_Start_Time" time="0.000" classname="Automation_Testcase_Redbus.Search_Bus">
    <error type="org.testng.TestNGException" message="
Cannot inject @Test annotated Method [get_The_Start_Time] with [class [Ljava.lang.String;].
For more information on native dependency injection please refer to http://testng.org/doc/documentation-main.html#native-dependency-injection">
      <![CDATA[org.testng.TestNGException: 
Cannot inject @Test annotated Method [get_The_Start_Time] with [class [Ljava.lang.String;].
For more information on native dependency injection please refer to http://testng.org/doc/documentation-main.html#native-dependency-injection
	at org.testng.internal.Parameters.checkParameterTypes(Parameters.java:244)
	at org.testng.internal.Parameters.createParameters(Parameters.java:172)
	at org.testng.internal.Parameters.createParameters(Parameters.java:458)
	at org.testng.internal.Parameters.handleParameters(Parameters.java:569)
	at org.testng.internal.Invoker.handleParameters(Invoker.java:1308)
	at org.testng.internal.Invoker.createParameters(Invoker.java:1036)
	at org.testng.internal.Invoker.invokeTestMethods(Invoker.java:1126)
	at org.testng.internal.TestMethodWorker.invokeTestMethods(TestMethodWorker.java:126)
	at org.testng.internal.TestMethodWorker.run(TestMethodWorker.java:109)
	at org.testng.TestRunner.privateRun(TestRunner.java:744)
	at org.testng.TestRunner.run(TestRunner.java:602)
	at org.testng.SuiteRunner.runTest(SuiteRunner.java:380)
	at org.testng.SuiteRunner.runSequentially(SuiteRunner.java:375)
	at org.testng.SuiteRunner.privateRun(SuiteRunner.java:340)
	at org.testng.SuiteRunner.run(SuiteRunner.java:289)
	at org.testng.SuiteRunnerWorker.runSuite(SuiteRunnerWorker.java:52)
	at org.testng.SuiteRunnerWorker.run(SuiteRunnerWorker.java:86)
	at org.testng.TestNG.runSuitesSequentially(TestNG.java:1301)
	at org.testng.TestNG.runSuitesLocally(TestNG.java:1226)
	at org.testng.TestNG.runSuites(TestNG.java:1144)
	at org.testng.TestNG.run(TestNG.java:1115)
	at org.testng.remote.AbstractRemoteTestNG.run(AbstractRemoteTestNG.java:126)
	at org.testng.remote.RemoteTestNG.initAndRun(RemoteTestNG.java:137)
	at org.testng.remote.RemoteTestNG.main(RemoteTestNG.java:58)
]]>
    </error>
  </testcase> <!-- get_The_Start_Time -->
  <testcase name="get_The_Boarding_Point" time="3.977" classname="Automation_Testcase_Redbus.Search_Bus"/>
  <testcase name="get_The_Departure_Time" time="3.754" classname="Automation_Testcase_Redbus.Search_Bus"/>
  <testcase name="get_The_Destination_Place" time="3.992" classname="Automation_Testcase_Redbus.Search_Bus"/>
  <testcase name="get_The_Bus_Fare" time="3.869" classname="Automation_Testcase_Redbus.Search_Bus"/>
</testsuite> <!-- Automation_Testcase_Redbus.Search_Bus -->
