<?xml version="1.0" encoding="UTF-8"?>
<!-- Generated by org.testng.reporters.JUnitXMLReporter -->
<testsuite hostname="LAPTOP-015GC0K1" ignored="6" name="Test Cases" tests="12" failures="3" timestamp="25 Feb 2020 12:47:17 GMT" time="192.828" errors="0">
  <testcase name="excelforwrite" time="1.521" classname="Redbus_Utility_Excel.ExcelUtil_for_Write"/>
  <testcase name="Both_Are_Correct" time="18.756" classname="Automation_Testcase_Redbus.Both_Are_Correct_TC1"/>
  <testcase name="Usernameonlycorrect" time="31.467" classname="Automation_Testcase_Redbus.Username_Only_CorrectTC2">
    <failure type="org.openqa.selenium.NoSuchElementException" message="Cannot locate an element using xpath=//*[@id=&amp;apos;customBtn&amp;apos;]
For documentation on this error, please visit: https://www.seleniumhq.org/exceptions/no_such_element.html
Build info: version: &amp;apos;3.141.59&amp;apos;, revision: &amp;apos;e82be7d358&amp;apos;, time: &amp;apos;2018-11-14T08:17:03&amp;apos;
System info: host: &amp;apos;LAPTOP-015GC0K1&amp;apos;, ip: &amp;apos;192.168.137.1&amp;apos;, os.name: &amp;apos;Windows 10&amp;apos;, os.arch: &amp;apos;amd64&amp;apos;, os.version: &amp;apos;10.0&amp;apos;, java.version: &amp;apos;1.8.0_221&amp;apos;
Driver info: driver.version: RemoteWebDriver">
      <![CDATA[org.openqa.selenium.NoSuchElementException: Cannot locate an element using xpath=//*[@id='customBtn']
For documentation on this error, please visit: https://www.seleniumhq.org/exceptions/no_such_element.html
Build info: version: '3.141.59', revision: 'e82be7d358', time: '2018-11-14T08:17:03'
System info: host: 'LAPTOP-015GC0K1', ip: '192.168.137.1', os.name: 'Windows 10', os.arch: 'amd64', os.version: '10.0', java.version: '1.8.0_221'
Driver info: driver.version: RemoteWebDriver
	at org.openqa.selenium.remote.RemoteWebDriver.findElement(RemoteWebDriver.java:327)
	at org.openqa.selenium.remote.RemoteWebDriver.findElementByXPath(RemoteWebDriver.java:428)
	at org.openqa.selenium.By$ByXPath.findElement(By.java:353)
	at org.openqa.selenium.remote.RemoteWebDriver.findElement(RemoteWebDriver.java:315)
	at Page_Class_ForTC.Login_Page_ObjectRepository.clickGoogleButton(Login_Page_ObjectRepository.java:19)
	at Automation_Testcase_Redbus.Username_Only_CorrectTC2.Usernameonlycorrect(Username_Only_CorrectTC2.java:69)
	at sun.reflect.NativeMethodAccessorImpl.invoke0(Native Method)
	at sun.reflect.NativeMethodAccessorImpl.invoke(Unknown Source)
	at sun.reflect.DelegatingMethodAccessorImpl.invoke(Unknown Source)
	at java.lang.reflect.Method.invoke(Unknown Source)
	at org.testng.internal.MethodInvocationHelper.invokeMethod(MethodInvocationHelper.java:108)
	at org.testng.internal.Invoker.invokeMethod(Invoker.java:661)
	at org.testng.internal.Invoker.invokeTestMethod(Invoker.java:869)
	at org.testng.internal.Invoker.invokeTestMethods(Invoker.java:1193)
	at org.testng.internal.TestMethodWorker.invokeTestMethods(TestMethodWorker.java:126)
	at org.testng.internal.TestMethodWorker.run(TestMethodWorker.java:109)
	at org.testng.TestRunner.privateRun(TestRunner.java:744)
	at org.testng.TestRunner.run(TestRunner.java:602)
	at org.testng.SuiteRunner.runTest(SuiteRunner.java:380)
	at org.testng.SuiteRunner.runSequentially(SuiteRunner.java:375)
	at org.testng.SuiteRunner.privateRun(SuiteRunner.java:340)
	at org.testng.SuiteRunner.run(SuiteRunner.java:289)
	at org.testng.SuiteRunnerWorker.runSuite(SuiteRunnerWorker.java:52)
	at org.testng.SuiteRunnerWorker.run(SuiteRunnerWorker.java:86)
	at org.testng.TestNG.runSuitesSequentially(TestNG.java:1301)
	at org.testng.TestNG.runSuitesLocally(TestNG.java:1226)
	at org.testng.TestNG.runSuites(TestNG.java:1144)
	at org.testng.TestNG.run(TestNG.java:1115)
	at org.testng.remote.AbstractRemoteTestNG.run(AbstractRemoteTestNG.java:126)
	at org.testng.remote.RemoteTestNG.initAndRun(RemoteTestNG.java:137)
	at org.testng.remote.RemoteTestNG.main(RemoteTestNG.java:58)
]]>
    </failure>
  </testcase> <!-- Usernameonlycorrect -->
  <testcase name="Passwordonlycorrect" time="8.573" classname="Automation_Testcase_Redbus.Password_Only_CorrectTC3">
    <failure type="java.lang.NullPointerException">
      <![CDATA[java.lang.NullPointerException
	at Automation_Testcase_Redbus.Password_Only_CorrectTC3.Passwordonlycorrect(Password_Only_CorrectTC3.java:83)
	at sun.reflect.NativeMethodAccessorImpl.invoke0(Native Method)
	at sun.reflect.NativeMethodAccessorImpl.invoke(Unknown Source)
	at sun.reflect.DelegatingMethodAccessorImpl.invoke(Unknown Source)
	at java.lang.reflect.Method.invoke(Unknown Source)
	at org.testng.internal.MethodInvocationHelper.invokeMethod(MethodInvocationHelper.java:108)
	at org.testng.internal.Invoker.invokeMethod(Invoker.java:661)
	at org.testng.internal.Invoker.invokeTestMethod(Invoker.java:869)
	at org.testng.internal.Invoker.invokeTestMethods(Invoker.java:1193)
	at org.testng.internal.TestMethodWorker.invokeTestMethods(TestMethodWorker.java:126)
	at org.testng.internal.TestMethodWorker.run(TestMethodWorker.java:109)
	at org.testng.TestRunner.privateRun(TestRunner.java:744)
	at org.testng.TestRunner.run(TestRunner.java:602)
	at org.testng.SuiteRunner.runTest(SuiteRunner.java:380)
	at org.testng.SuiteRunner.runSequentially(SuiteRunner.java:375)
	at org.testng.SuiteRunner.privateRun(SuiteRunner.java:340)
	at org.testng.SuiteRunner.run(SuiteRunner.java:289)
	at org.testng.SuiteRunnerWorker.runSuite(SuiteRunnerWorker.java:52)
	at org.testng.SuiteRunnerWorker.run(SuiteRunnerWorker.java:86)
	at org.testng.TestNG.runSuitesSequentially(TestNG.java:1301)
	at org.testng.TestNG.runSuitesLocally(TestNG.java:1226)
	at org.testng.TestNG.runSuites(TestNG.java:1144)
	at org.testng.TestNG.run(TestNG.java:1115)
	at org.testng.remote.AbstractRemoteTestNG.run(AbstractRemoteTestNG.java:126)
	at org.testng.remote.RemoteTestNG.initAndRun(RemoteTestNG.java:137)
	at org.testng.remote.RemoteTestNG.main(RemoteTestNG.java:58)
]]>
    </failure>
  </testcase> <!-- Passwordonlycorrect -->
  <testcase name="BothAreIncorrect" time="7.657" classname="Automation_Testcase_Redbus.Both_Are_IncorrectTC4">
    <failure type="java.lang.NullPointerException">
      <![CDATA[java.lang.NullPointerException
	at Automation_Testcase_Redbus.Both_Are_IncorrectTC4.BothAreIncorrect(Both_Are_IncorrectTC4.java:81)
	at sun.reflect.NativeMethodAccessorImpl.invoke0(Native Method)
	at sun.reflect.NativeMethodAccessorImpl.invoke(Unknown Source)
	at sun.reflect.DelegatingMethodAccessorImpl.invoke(Unknown Source)
	at java.lang.reflect.Method.invoke(Unknown Source)
	at org.testng.internal.MethodInvocationHelper.invokeMethod(MethodInvocationHelper.java:108)
	at org.testng.internal.Invoker.invokeMethod(Invoker.java:661)
	at org.testng.internal.Invoker.invokeTestMethod(Invoker.java:869)
	at org.testng.internal.Invoker.invokeTestMethods(Invoker.java:1193)
	at org.testng.internal.TestMethodWorker.invokeTestMethods(TestMethodWorker.java:126)
	at org.testng.internal.TestMethodWorker.run(TestMethodWorker.java:109)
	at org.testng.TestRunner.privateRun(TestRunner.java:744)
	at org.testng.TestRunner.run(TestRunner.java:602)
	at org.testng.SuiteRunner.runTest(SuiteRunner.java:380)
	at org.testng.SuiteRunner.runSequentially(SuiteRunner.java:375)
	at org.testng.SuiteRunner.privateRun(SuiteRunner.java:340)
	at org.testng.SuiteRunner.run(SuiteRunner.java:289)
	at org.testng.SuiteRunnerWorker.runSuite(SuiteRunnerWorker.java:52)
	at org.testng.SuiteRunnerWorker.run(SuiteRunnerWorker.java:86)
	at org.testng.TestNG.runSuitesSequentially(TestNG.java:1301)
	at org.testng.TestNG.runSuitesLocally(TestNG.java:1226)
	at org.testng.TestNG.runSuites(TestNG.java:1144)
	at org.testng.TestNG.run(TestNG.java:1115)
	at org.testng.remote.AbstractRemoteTestNG.run(AbstractRemoteTestNG.java:126)
	at org.testng.remote.RemoteTestNG.initAndRun(RemoteTestNG.java:137)
	at org.testng.remote.RemoteTestNG.main(RemoteTestNG.java:58)
]]>
    </failure>
  </testcase> <!-- BothAreIncorrect -->
  <testcase name="searchbus" time="13.247" classname="Automation_Testcase_Redbus.Search_Bus"/>
  <testcase name="get_The_Travels_Details" time="7.455" classname="Automation_Testcase_Redbus.Search_Bus"/>
  <testcase name="get_The_Start_Time" time="3.922" classname="Automation_Testcase_Redbus.Search_Bus"/>
  <testcase name="get_The_Boarding_Point" time="3.902" classname="Automation_Testcase_Redbus.Search_Bus"/>
  <testcase name="get_The_Departure_Time" time="4.192" classname="Automation_Testcase_Redbus.Search_Bus"/>
  <testcase name="get_The_Destination_Place" time="4.22" classname="Automation_Testcase_Redbus.Search_Bus"/>
  <testcase name="get_The_Bus_Fare" time="7.854" classname="Automation_Testcase_Redbus.Search_Bus"/>
  <testcase name="@AfterTest writeexcels" time="0.0" classname="Libarary.Redbus_TestCase_Excel">
    <ignored/>
  </testcase> <!-- @AfterTest writeexcels -->
  <testcase name="@AfterTest writeexcels" time="0.0" classname="Libarary.Redbus_TestCase_Excel">
    <ignored/>
  </testcase> <!-- @AfterTest writeexcels -->
  <testcase name="@AfterTest writeexcels" time="0.0" classname="Libarary.Redbus_TestCase_Excel">
    <ignored/>
  </testcase> <!-- @AfterTest writeexcels -->
  <testcase name="@BeforeTest queryParameterization" time="0.0" classname="Libarary.Redbus_TestCase_Excel">
    <ignored/>
  </testcase> <!-- @BeforeTest queryParameterization -->
  <testcase name="@BeforeTest queryParameterization" time="0.0" classname="Libarary.Redbus_TestCase_Excel">
    <ignored/>
  </testcase> <!-- @BeforeTest queryParameterization -->
  <testcase name="@BeforeTest queryParameterization" time="0.0" classname="Libarary.Redbus_TestCase_Excel">
    <ignored/>
  </testcase> <!-- @BeforeTest queryParameterization -->
</testsuite> <!-- Test Cases -->
